2026-07-06 17:58:05,188 - INFO - Employee reports created successfully
2026-07-06 17:58:05,189 - INFO - Employee folders created successfully
2026-07-06 17:58:05,189 - INFO - Files moved successfully
2026-07-06 17:58:49,524 - INFO - Employee reports created successfully
2026-07-06 17:58:49,525 - INFO - Employee folders created successfully
2026-07-06 17:58:49,525 - INFO - Files moved successfully
2026-07-06 18:05:21,119 - INFO - Employee reports created successfully
2026-07-06 18:05:21,120 - INFO - Employee folders created successfully
2026-07-06 18:05:21,120 - INFO - Files moved successfully
2026-07-06 18:13:25,621 - INFO - Automation Started
2026-07-06 18:13:25,622 - INFO - reports.pdf created
2026-07-06 18:13:25,623 - INFO - image.jpg created
2026-07-06 18:13:25,624 - INFO - notes.txt created
2026-07-06 18:13:25,624 - INFO - Employee reports created successfully.
2026-07-06 18:13:25,628 - INFO - Folders created successfully.
2026-07-06 18:13:25,628 - INFO - Employee folders created successfully.
2026-07-06 18:13:25,630 - INFO - image.jpg moved to JPG
2026-07-06 18:13:25,631 - INFO - notes.txt moved to TXT
2026-07-06 18:13:25,632 - INFO - reports.pdf moved to PDF
2026-07-06 18:13:25,632 - INFO - Files moved successfully.
2026-07-06 18:13:25,632 - INFO - Automation Finished
2026-07-07 19:45:35,191 - INFO - Automation Started
2026-07-07 19:45:35,194 - INFO - reports.pdf created
2026-07-07 19:45:35,195 - INFO - image.jpg created
2026-07-07 19:45:35,196 - INFO - notes.txt created
2026-07-07 19:45:35,197 - INFO - Employee reports created successfully.
2026-07-07 19:45:35,198 - INFO - Folders created successfully.
2026-07-07 19:45:35,198 - INFO - Employee folders created successfully.
2026-07-07 19:45:35,205 - INFO - image.jpg moved to JPG
2026-07-07 19:45:35,209 - INFO - notes.txt moved to TXT
2026-07-07 19:45:35,213 - INFO - reports.pdf moved to PDF
2026-07-07 19:45:35,213 - INFO - Files moved successfully.
2026-07-07 19:45:35,213 - INFO - Automation Finished
2026-07-07 22:58:27,558 - INFO - Employee created successfully!
2026-07-07 22:58:27,576 - INFO - Employee created successfully!
2026-07-07 22:58:27,591 - INFO - Employee created successfully!
2026-07-07 22:58:27,616 - INFO - Employees loaded successfully
2026-07-07 22:58:27,618 - INFO - Employee found
2026-07-07 22:58:27,624 - INFO - Employee updated successfully
2026-07-07 22:58:27,645 - INFO - Employees loaded successfully
2026-07-07 22:58:27,649 - INFO - Employee deleted successfully
2026-07-07 22:58:27,676 - INFO - Employees loaded successfully
2026-07-07 22:58:27,676 - INFO - Program Finished Successfully
2026-07-07 22:58:27,676 - INFO - Automation Started
2026-07-07 22:58:27,677 - INFO - reports.pdf created
2026-07-07 22:58:27,680 - INFO - image.jpg created
2026-07-07 22:58:27,686 - INFO - notes.txt created
2026-07-07 22:58:27,686 - INFO - Employee reports created successfully.
2026-07-07 22:58:27,689 - INFO - Folders created successfully.
2026-07-07 22:58:27,689 - INFO - Employee folders created successfully.
2026-07-07 22:58:27,702 - INFO - image.jpg moved to JPG
2026-07-07 22:58:27,707 - INFO - notes.txt moved to TXT
2026-07-07 22:58:27,713 - INFO - reports.pdf moved to PDF
2026-07-07 22:58:27,713 - INFO - Files moved successfully.
2026-07-07 22:58:27,713 - INFO - Automation Finished
2026-07-07 23:00:20,725 - INFO - Employee created successfully!
2026-07-07 23:00:20,738 - INFO - Employee created successfully!
2026-07-07 23:00:20,751 - INFO - Employee created successfully!
2026-07-07 23:00:20,765 - INFO - Employees loaded successfully
2026-07-07 23:00:20,766 - INFO - Employee found
2026-07-07 23:00:20,768 - INFO - Employee updated successfully
2026-07-07 23:00:20,791 - INFO - Employees loaded successfully
2026-07-07 23:00:20,800 - INFO - Employee deleted successfully
2026-07-07 23:00:20,831 - INFO - Employees loaded successfully
2026-07-07 23:00:20,831 - INFO - Program Finished Successfully
2026-07-07 23:00:20,831 - INFO - Automation Started
2026-07-07 23:00:20,834 - INFO - reports.pdf created
2026-07-07 23:00:20,835 - INFO - image.jpg created
2026-07-07 23:00:20,837 - INFO - notes.txt created
2026-07-07 23:00:20,838 - INFO - Employee reports created successfully.
2026-07-07 23:00:20,839 - INFO - Folders created successfully.
2026-07-07 23:00:20,839 - INFO - Employee folders created successfully.
2026-07-07 23:00:20,845 - INFO - image.jpg moved to JPG
2026-07-07 23:00:20,849 - INFO - notes.txt moved to TXT
2026-07-07 23:00:20,860 - INFO - reports.pdf moved to PDF
2026-07-07 23:00:20,861 - INFO - Files moved successfully.
2026-07-07 23:00:20,861 - INFO - Automation Finished
